#
# A fatal error has been detected by the Java Runtime Environment:
#
#  Internal Error (postaloc.cpp:242), pid=4408, tid=5012
#  guarantee(copy != NULL) failed: must not resurrect dead copy
#
# JRE version: Java(TM) SE Runtime Environment (8.0_31-b13) (build 1.8.0_31-b13)
# Java VM: Java HotSpot(TM) 64-Bit Server VM (25.31-b07 mixed mode windows-amd64 compressed oops)
# Failed to write core dump. Minidumps are not enabled by default on client versions of Windows
#
# If you would like to submit a bug report, please visit:
#   http://bugreport.java.com/bugreport/crash.jsp
#

---------------  T H R E A D  ---------------

Current thread (0x0000000013859000):  JavaThread "C2 CompilerThread0" daemon [_thread_in_native, id=5012, stack(0x00000000147a0000,0x00000000148a0000)]

Stack: [0x00000000147a0000,0x00000000148a0000]
Native frames: (J=compiled Java code, j=interpreted, Vv=VM code, C=native code)
V  [jvm.dll+0x3169ba]
V  [jvm.dll+0x2674c3]
V  [jvm.dll+0x268103]
V  [jvm.dll+0x25f807]
V  [jvm.dll+0x4e98de]
V  [jvm.dll+0x4ead95]
V  [jvm.dll+0x446f09]
V  [jvm.dll+0x451bce]
V  [jvm.dll+0x4541b8]
V  [jvm.dll+0x437c62]
V  [jvm.dll+0x988e2]
V  [jvm.dll+0x990d3]
V  [jvm.dll+0x22c194]
V  [jvm.dll+0x28576a]
C  [msvcr100.dll+0x21d9f]
C  [msvcr100.dll+0x21e3b]
C  [KERNEL32.DLL+0x13d2]
C  [ntdll.dll+0x154e4]


Current CompileTask:
C2:  10562 2756   !   4       org.codehaus.plexus.interpolation.StringSearchInterpolator::interpolate (655 bytes)


---------------  P R O C E S S  ---------------

Java Threads: ( => current thread )
  0x00000000138c5000 JavaThread "Service Thread" daemon [_thread_blocked, id=3932, stack(0x00000000149a0000,0x0000000014aa0000)]
  0x0000000013860000 JavaThread "C1 CompilerThread1" daemon [_thread_blocked, id=2792, stack(0x00000000148a0000,0x00000000149a0000)]
=>0x0000000013859000 JavaThread "C2 CompilerThread0" daemon [_thread_in_native, id=5012, stack(0x00000000147a0000,0x00000000148a0000)]
  0x0000000013857800 JavaThread "Attach Listener" daemon [_thread_blocked, id=2144, stack(0x00000000146a0000,0x00000000147a0000)]
  0x0000000013854800 JavaThread "Signal Dispatcher" daemon [_thread_blocked, id=4656, stack(0x00000000145a0000,0x00000000146a0000)]
  0x0000000013819800 JavaThread "Finalizer" daemon [_thread_blocked, id=2784, stack(0x00000000144a0000,0x00000000145a0000)]
  0x0000000013811000 JavaThread "Reference Handler" daemon [_thread_blocked, id=4728, stack(0x00000000143a0000,0x00000000144a0000)]
  0x0000000002650800 JavaThread "main" [_thread_in_vm, id=4244, stack(0x0000000002550000,0x0000000002650000)]

Other Threads:
  0x000000001380c800 VMThread [stack: 0x00000000142a0000,0x00000000143a0000] [id=2444]
  0x00000000138c6800 WatcherThread [stack: 0x0000000014aa0000,0x0000000014ba0000] [id=1528]

VM state:not at safepoint (normal execution)

VM Mutex/Monitor currently owned by a thread: None

Heap:
 PSYoungGen      total 73216K, used 33880K [0x00000000f5600000, 0x00000000fa500000, 0x0000000100000000)
  eden space 67072K, 41% used [0x00000000f5600000,0x00000000f7162160,0x00000000f9780000)
  from space 6144K, 95% used [0x00000000f9e00000,0x00000000fa3b4010,0x00000000fa400000)
  to   space 6656K, 0% used [0x00000000f9780000,0x00000000f9780000,0x00000000f9e00000)
 ParOldGen       total 22016K, used 7865K [0x00000000e0200000, 0x00000000e1780000, 0x00000000f5600000)
  object space 22016K, 35% used [0x00000000e0200000,0x00000000e09ae670,0x00000000e1780000)
 Metaspace       used 16561K, capacity 17076K, committed 17280K, reserved 1064960K
  class space    used 1931K, capacity 2093K, committed 2176K, reserved 1048576K

Card table byte_map: [0x0000000011b10000,0x0000000011c10000] byte_map_base: 0x000000001140f000

Marking Bits: (ParMarkBitMap*) 0x0000000057d7d4f0
 Begin Bits: [0x0000000011e10000, 0x0000000012608000)
 End Bits:   [0x0000000012608000, 0x0000000012e00000)

Polling page: 0x0000000000a70000

CodeCache: size=245760Kb used=9556Kb max_used=9556Kb free=236203Kb
 bounds [0x0000000002750000, 0x00000000030b0000, 0x0000000011750000]
 total_blobs=3249 nmethods=2916 adapters=247
 compilation: enabled

Compilation events (10 events):
Event: 10.321 Thread 0x0000000013860000 2882       2       org.apache.maven.repository.internal.DefaultModelCache::get (26 bytes)
Event: 10.321 Thread 0x0000000013860000 nmethod 2882 0x000000000308c8d0 code [0x000000000308ca40, 0x000000000308cc98]
Event: 10.322 Thread 0x0000000013860000 2883       2       java.util.concurrent.atomic.AtomicInteger::<init> (10 bytes)
Event: 10.322 Thread 0x0000000013860000 nmethod 2883 0x000000000308ce10 code [0x000000000308cf60, 0x000000000308d0b0]
Event: 10.327 Thread 0x0000000013860000 2884       2       java.util.regex.Pattern::closure (477 bytes)
Event: 10.332 Thread 0x0000000013860000 nmethod 2884 0x000000000308d150 code [0x000000000308d480, 0x000000000308e8e8]
Event: 10.332 Thread 0x0000000013860000 2885       2       org.apache.maven.model.merge.ModelMerger::mergeDistributionManagement (46 bytes)
Event: 10.332 Thread 0x0000000013860000 nmethod 2885 0x000000000308fcd0 code [0x000000000308fe60, 0x00000000030900e8]
Event: 10.332 Thread 0x0000000013860000 2886       2       org.apache.maven.model.merge.MavenModelMerger::mergeDistributionManagement_Repository (67 bytes)
Event: 10.334 Thread 0x0000000013860000 nmethod 2886 0x0000000003090250 code [0x0000000003090420, 0x0000000003090988]

GC Heap History (10 events):
Event: 2.386 GC heap before
{Heap before GC invocations=4 (full 0):
 PSYoungGen      total 9728K, used 9712K [0x00000000f5600000, 0x00000000f6900000, 0x0000000100000000)
  eden space 8704K, 100% used [0x00000000f5600000,0x00000000f5e80000,0x00000000f5e80000)
  from space 1024K, 98% used [0x00000000f5e80000,0x00000000f5f7c010,0x00000000f5f80000)
  to   space 1024K, 0% used [0x00000000f6800000,0x00000000f6800000,0x00000000f6900000)
 ParOldGen       total 22016K, used 2987K [0x00000000e0200000, 0x00000000e1780000, 0x00000000f5600000)
  object space 22016K, 13% used [0x00000000e0200000,0x00000000e04eac40,0x00000000e1780000)
 Metaspace       used 7671K, capacity 7868K, committed 8064K, reserved 1056768K
  class space    used 961K, capacity 1048K, committed 1152K, reserved 1048576K
Event: 2.402 GC heap after
Heap after GC invocations=4 (full 0):
 PSYoungGen      total 18432K, used 1024K [0x00000000f5600000, 0x00000000f6900000, 0x0000000100000000)
  eden space 17408K, 0% used [0x00000000f5600000,0x00000000f5600000,0x00000000f6700000)
  from space 1024K, 100% used [0x00000000f6800000,0x00000000f6900000,0x00000000f6900000)
  to   space 1024K, 0% used [0x00000000f6700000,0x00000000f6700000,0x00000000f6800000)
 ParOldGen       total 22016K, used 3409K [0x00000000e0200000, 0x00000000e1780000, 0x00000000f5600000)
  object space 22016K, 15% used [0x00000000e0200000,0x00000000e05544d0,0x00000000e1780000)
 Metaspace       used 7671K, capacity 7868K, committed 8064K, reserved 1056768K
  class space    used 961K, capacity 1048K, committed 1152K, reserved 1048576K
}
Event: 3.384 GC heap before
{Heap before GC invocations=5 (full 0):
 PSYoungGen      total 18432K, used 18432K [0x00000000f5600000, 0x00000000f6900000, 0x0000000100000000)
  eden space 17408K, 100% used [0x00000000f5600000,0x00000000f6700000,0x00000000f6700000)
  from space 1024K, 100% used [0x00000000f6800000,0x00000000f6900000,0x00000000f6900000)
  to   space 1024K, 0% used [0x00000000f6700000,0x00000000f6700000,0x00000000f6800000)
 ParOldGen       total 22016K, used 3409K [0x00000000e0200000, 0x00000000e1780000, 0x00000000f5600000)
  object space 22016K, 15% used [0x00000000e0200000,0x00000000e05544d0,0x00000000e1780000)
 Metaspace       used 9611K, capacity 9820K, committed 9984K, reserved 1058816K
  class space    used 1171K, capacity 1248K, committed 1280K, reserved 1048576K
Event: 3.397 GC heap after
Heap after GC invocations=5 (full 0):
 PSYoungGen      total 18432K, used 1024K [0x00000000f5600000, 0x00000000f7f00000, 0x0000000100000000)
  eden space 17408K, 0% used [0x00000000f5600000,0x00000000f5600000,0x00000000f6700000)
  from space 1024K, 100% used [0x00000000f6700000,0x00000000f6800000,0x00000000f6800000)
  to   space 3584K, 0% used [0x00000000f7b80000,0x00000000f7b80000,0x00000000f7f00000)
 ParOldGen       total 22016K, used 6006K [0x00000000e0200000, 0x00000000e1780000, 0x00000000f5600000)
  object space 22016K, 27% used [0x00000000e0200000,0x00000000e07dda80,0x00000000e1780000)
 Metaspace       used 9611K, capacity 9820K, committed 9984K, reserved 1058816K
  class space    used 1171K, capacity 1248K, committed 1280K, reserved 1048576K
}
Event: 4.133 GC heap before
{Heap before GC invocations=6 (full 0):
 PSYoungGen      total 18432K, used 18432K [0x00000000f5600000, 0x00000000f7f00000, 0x0000000100000000)
  eden space 17408K, 100% used [0x00000000f5600000,0x00000000f6700000,0x00000000f6700000)
  from space 1024K, 100% used [0x00000000f6700000,0x00000000f6800000,0x00000000f6800000)
  to   space 3584K, 0% used [0x00000000f7b80000,0x00000000f7b80000,0x00000000f7f00000)
 ParOldGen       total 22016K, used 6006K [0x00000000e0200000, 0x00000000e1780000, 0x00000000f5600000)
  object space 22016K, 27% used [0x00000000e0200000,0x00000000e07dda80,0x00000000e1780000)
 Metaspace       used 11518K, capacity 11662K, committed 11904K, reserved 1058816K
  class space    used 1447K, capacity 1541K, committed 1664K, reserved 1048576K
Event: 4.147 GC heap after
Heap after GC invocations=6 (full 0):
 PSYoungGen      total 37376K, used 3565K [0x00000000f5600000, 0x00000000f8100000, 0x0000000100000000)
  eden space 33792K, 0% used [0x00000000f5600000,0x00000000f5600000,0x00000000f7700000)
  from space 3584K, 99% used [0x00000000f7b80000,0x00000000f7efb4b8,0x00000000f7f00000)
  to   space 4608K, 0% used [0x00000000f7700000,0x00000000f7700000,0x00000000f7b80000)
 ParOldGen       total 22016K, used 6251K [0x00000000e0200000, 0x00000000e1780000, 0x00000000f5600000)
  object space 22016K, 28% used [0x00000000e0200000,0x00000000e081af00,0x00000000e1780000)
 Metaspace       used 11518K, capacity 11662K, committed 11904K, reserved 1058816K
  class space    used 1447K, capacity 1541K, committed 1664K, reserved 1048576K
}
Event: 6.348 GC heap before
{Heap before GC invocations=7 (full 0):
 PSYoungGen      total 37376K, used 37357K [0x00000000f5600000, 0x00000000f8100000, 0x0000000100000000)
  eden space 33792K, 100% used [0x00000000f5600000,0x00000000f7700000,0x00000000f7700000)
  from space 3584K, 99% used [0x00000000f7b80000,0x00000000f7efb4b8,0x00000000f7f00000)
  to   space 4608K, 0% used [0x00000000f7700000,0x00000000f7700000,0x00000000f7b80000)
 ParOldGen       total 22016K, used 6251K [0x00000000e0200000, 0x00000000e1780000, 0x00000000f5600000)
  object space 22016K, 28% used [0x00000000e0200000,0x00000000e081af00,0x00000000e1780000)
 Metaspace       used 14522K, capacity 14684K, committed 14976K, reserved 1062912K
  class space    used 1769K, capacity 1874K, committed 1920K, reserved 1048576K
Event: 6.375 GC heap after
Heap after GC invocations=7 (full 0):
 PSYoungGen      total 38400K, used 4589K [0x00000000f5600000, 0x00000000fa400000, 0x0000000100000000)
  eden space 33792K, 0% used [0x00000000f5600000,0x00000000f5600000,0x00000000f7700000)
  from space 4608K, 99% used [0x00000000f7700000,0x00000000f7b7b6f8,0x00000000f7b80000)
  to   space 6144K, 0% used [0x00000000f9e00000,0x00000000f9e00000,0x00000000fa400000)
 ParOldGen       total 22016K, used 7697K [0x00000000e0200000, 0x00000000e1780000, 0x00000000f5600000)
  object space 22016K, 34% used [0x00000000e0200000,0x00000000e0984660,0x00000000e1780000)
 Metaspace       used 14522K, capacity 14684K, committed 14976K, reserved 1062912K
  class space    used 1769K, capacity 1874K, committed 1920K, reserved 1048576K
}
Event: 8.530 GC heap before
{Heap before GC invocations=8 (full 0):
 PSYoungGen      total 38400K, used 38381K [0x00000000f5600000, 0x00000000fa400000, 0x0000000100000000)
  eden space 33792K, 100% used [0x00000000f5600000,0x00000000f7700000,0x00000000f7700000)
  from space 4608K, 99% used [0x00000000f7700000,0x00000000f7b7b6f8,0x00000000f7b80000)
  to   space 6144K, 0% used [0x00000000f9e00000,0x00000000f9e00000,0x00000000fa400000)
 ParOldGen       total 22016K, used 7697K [0x00000000e0200000, 0x00000000e1780000, 0x00000000f5600000)
  object space 22016K, 34% used [0x00000000e0200000,0x00000000e0984660,0x00000000e1780000)
 Metaspace       used 15494K, capacity 15732K, committed 16128K, reserved 1062912K
  class space    used 1852K, capacity 1946K, committed 2048K, reserved 1048576K
Event: 8.554 GC heap after
Heap after GC invocations=8 (full 0):
 PSYoungGen      total 73216K, used 5840K [0x00000000f5600000, 0x00000000fa500000, 0x0000000100000000)
  eden space 67072K, 0% used [0x00000000f5600000,0x00000000f5600000,0x00000000f9780000)
  from space 6144K, 95% used [0x00000000f9e00000,0x00000000fa3b4010,0x00000000fa400000)
  to   space 6656K, 0% used [0x00000000f9780000,0x00000000f9780000,0x00000000f9e00000)
 ParOldGen       total 22016K, used 7865K [0x00000000e0200000, 0x00000000e1780000, 0x00000000f5600000)
  object space 22016K, 35% used [0x00000000e0200000,0x00000000e09ae670,0x00000000e1780000)
 Metaspace       used 15494K, capacity 15732K, committed 16128K, reserved 1062912K
  class space    used 1852K, capacity 1946K, committed 2048K, reserved 1048576K
}

Deoptimization events (10 events):
Event: 6.191 Thread 0x0000000002650800 Uncommon trap: reason=bimorphic action=maybe_recompile pc=0x0000000002d7248c method=java.util.concurrent.ConcurrentHashMap.get(Ljava/lang/Object;)Ljava/lang/Object; @ 149
Event: 6.948 Thread 0x0000000002650800 Uncommon trap: reason=bimorphic action=maybe_recompile pc=0x0000000002e3decc method=java.util.regex.Pattern$BmpCharProperty.match(Ljava/util/regex/Matcher;ILjava/lang/CharSequence;)Z @ 16
Event: 6.948 Thread 0x0000000002650800 Uncommon trap: reason=bimorphic action=maybe_recompile pc=0x0000000002e3decc method=java.util.regex.Pattern$BmpCharProperty.match(Ljava/util/regex/Matcher;ILjava/lang/CharSequence;)Z @ 16
Event: 6.948 Thread 0x0000000002650800 Uncommon trap: reason=bimorphic action=maybe_recompile pc=0x0000000002d82c4c method=java.util.regex.Pattern$CharProperty.match(Ljava/util/regex/Matcher;ILjava/lang/CharSequence;)Z @ 37
Event: 9.149 Thread 0x0000000002650800 Uncommon trap: reason=bimorphic action=maybe_recompile pc=0x0000000002e3decc method=java.util.regex.Pattern$BmpCharProperty.match(Ljava/util/regex/Matcher;ILjava/lang/CharSequence;)Z @ 16
Event: 9.149 Thread 0x0000000002650800 Uncommon trap: reason=bimorphic action=maybe_recompile pc=0x0000000002e3decc method=java.util.regex.Pattern$BmpCharProperty.match(Ljava/util/regex/Matcher;ILjava/lang/CharSequence;)Z @ 16
Event: 9.149 Thread 0x0000000002650800 Uncommon trap: reason=bimorphic action=maybe_recompile pc=0x0000000002d82c4c method=java.util.regex.Pattern$CharProperty.match(Ljava/util/regex/Matcher;ILjava/lang/CharSequence;)Z @ 37
Event: 9.272 Thread 0x0000000002650800 Uncommon trap: reason=predicate action=maybe_recompile pc=0x0000000002cf36d4 method=java.nio.charset.CharsetDecoder.decode(Ljava/nio/ByteBuffer;Ljava/nio/CharBuffer;Z)Ljava/nio/charset/CoderResult; @ 54
Event: 9.558 Thread 0x0000000002650800 Uncommon trap: reason=class_check action=maybe_recompile pc=0x0000000002fa3394 method=org.apache.maven.model.interpolation.StringSearchModelInterpolator$InterpolateObjectAction$MapField.doInterpolate(Ljava/lang/Object;Lorg/apache/maven/model/interpolation/¨2®W‚0$@
Event: 10.095 Thread 0x0000000002650800 Uncommon trap: reason=bimorphic action=maybe_recompile pc=0x0000000002d82c4c method=java.util.regex.Pattern$CharProperty.match(Ljava/util/regex/Matcher;ILjava/lang/CharSequence;)Z @ 37

Internal exceptions (10 events):
Event: 10.154 Thread 0x0000000002650800 Exception <a 'java/security/PrivilegedActionException'> (0x00000000f680a630) thrown at [C:\workspace\8-2-build-windows-amd64-cygwin\jdk8u31\2394\hotspot\src\share\vm\prims\jvm.cpp, line 1312]
Event: 10.156 Thread 0x0000000002650800 Exception <a 'java/security/PrivilegedActionException'> (0x00000000f680ddb8) thrown at [C:\workspace\8-2-build-windows-amd64-cygwin\jdk8u31\2394\hotspot\src\share\vm\prims\jvm.cpp, line 1312]
Event: 10.168 Thread 0x0000000002650800 Exception <a 'java/security/PrivilegedActionException'> (0x00000000f6841058) thrown at [C:\workspace\8-2-build-windows-amd64-cygwin\jdk8u31\2394\hotspot\src\share\vm\prims\jvm.cpp, line 1312]
Event: 10.169 Thread 0x0000000002650800 Exception <a 'java/security/PrivilegedActionException'> (0x00000000f6845ac8) thrown at [C:\workspace\8-2-build-windows-amd64-cygwin\jdk8u31\2394\hotspot\src\share\vm\prims\jvm.cpp, line 1312]
Event: 10.170 Thread 0x0000000002650800 Exception <a 'java/security/PrivilegedActionException'> (0x00000000f684a4d0) thrown at [C:\workspace\8-2-build-windows-amd64-cygwin\jdk8u31\2394\hotspot\src\share\vm\prims\jvm.cpp, line 1312]
Event: 10.173 Thread 0x0000000002650800 Exception <a 'java/security/PrivilegedActionException'> (0x00000000f6854af8) thrown at [C:\workspace\8-2-build-windows-amd64-cygwin\jdk8u31\2394\hotspot\src\share\vm\prims\jvm.cpp, line 1312]
Event: 10.175 Thread 0x0000000002650800 Exception <a 'java/security/PrivilegedActionException'> (0x00000000f685a5d8) thrown at [C:\workspace\8-2-build-windows-amd64-cygwin\jdk8u31\2394\hotspot\src\share\vm\prims\jvm.cpp, line 1312]
Event: 10.175 Thread 0x0000000002650800 Exception <a 'java/security/PrivilegedActionException'> (0x00000000f685af18) thrown at [C:\workspace\8-2-build-windows-amd64-cygwin\jdk8u31\2394\hotspot\src\share\vm\prims\jvm.cpp, line 1312]
Event: 10.175 Thread 0x0000000002650800 Exception <a 'java/security/PrivilegedActionException'> (0x00000000f68634e8) thrown at [C:\workspace\8-2-build-windows-amd64-cygwin\jdk8u31\2394\hotspot\src\share\vm\prims\jvm.cpp, line 1312]
Event: 10.175 Thread 0x0000000002650800 Exception <a 'java/security/PrivilegedActionException'> (0x00000000f6864090) thrown at [C:\workspace\8-2-build-windows-amd64-cygwin\jdk8u31\2394\hotspot\src\share\vm\prims\jvm.cpp, line 1312]

Events (10 events):
Event: 10.173 loading class org/apache/maven/surefire/suite/RunResult
Event: 10.173 loading class org/apache/maven/surefire/suite/RunResult done
Event: 10.174 loading class org/apache/maven/plugin/surefire/SurefireHelper
Event: 10.174 loading class org/apache/maven/plugin/surefire/SurefireHelper done
Event: 10.174 loading class org/apache/maven/plugin/surefire/SurefireHelper
Event: 10.174 loading class org/apache/maven/plugin/surefire/SurefireHelper done
Event: 10.174 loading class org/apache/maven/plugin/surefire/SurefireHelper
Event: 10.174 loading class org/apache/maven/plugin/surefire/SurefireHelper done
Event: 10.176 loading class java/lang/IllegalAccessError
Event: 10.176 loading class java/lang/IllegalAccessError done


Dynamic libraries:
0x00007ff6b3750000 - 0x00007ff6b3784000 	C:\Program Files\Java\jdk1.8.0_31\bin\javaw.exe
0x00007ffefc0a0000 - 0x00007ffefc24d000 	C:\Windows\SYSTEM32\ntdll.dll
0x00007ffef9790000 - 0x00007ffef98ce000 	C:\Windows\system32\KERNEL32.DLL
0x00007ffef93b0000 - 0x00007ffef94c5000 	C:\Windows\system32\KERNELBASE.dll
0x00007ffef7da0000 - 0x00007ffef7e2e000 	C:\Windows\system32\apphelp.dll
0x00007ffef1bc0000 - 0x00007ffef1c13000 	C:\Windows\AppPatch\AppPatch64\AcGenral.DLL
0x00007ffefa3d0000 - 0x00007ffefa47a000 	C:\Windows\system32\msvcrt.dll
0x00007ffef9700000 - 0x00007ffef972e000 	C:\Windows\system32\SspiCli.dll
0x00007ffef9a70000 - 0x00007ffef9ac4000 	C:\Windows\system32\SHLWAPI.dll
0x00007ffef9d00000 - 0x00007ffef9e77000 	C:\Windows\system32\USER32.dll
0x00007ffef98d0000 - 0x00007ffef9a64000 	C:\Windows\system32\ole32.dll
0x00007ffefa480000 - 0x00007ffefb9aa000 	C:\Windows\system32\SHELL32.dll
0x00007ffef87a0000 - 0x00007ffef87c1000 	C:\Windows\SYSTEM32\USERENV.dll
0x00007ffefbf30000 - 0x00007ffefbfda000 	C:\Windows\system32\ADVAPI32.dll
0x00007ffef5fe0000 - 0x00007ffef5ffe000 	C:\Windows\SYSTEM32\MPR.dll
0x00007ffefba20000 - 0x00007ffefbb60000 	C:\Windows\system32\RPCRT4.dll
0x00007ffefa190000 - 0x00007ffefa1e9000 	C:\Windows\SYSTEM32\sechost.dll
0x00007ffef9ad0000 - 0x00007ffef9ce1000 	C:\Windows\SYSTEM32\combase.dll
0x00007ffefbde0000 - 0x00007ffefbf30000 	C:\Windows\system32\GDI32.dll
0x00007ffef91d0000 - 0x00007ffef91e5000 	C:\Windows\SYSTEM32\profapi.dll
0x00007ffef7770000 - 0x00007ffef7822000 	C:\Windows\SYSTEM32\SHCORE.dll
0x00007ffefb9e0000 - 0x00007ffefba16000 	C:\Windows\system32\IMM32.DLL
0x00007ffef9f50000 - 0x00007ffefa0a2000 	C:\Windows\system32\MSCTF.dll
0x00007ffef6cb0000 - 0x00007ffef6f2b000 	C:\Windows\WinSxS\amd64_microsoft.windows.common-controls_6595b64144ccf1df_6.0.9600.18006_none_623f33d3ecbe86e8\COMCTL32.dll
0x00000000574c0000 - 0x0000000057592000 	C:\Program Files\Java\jdk1.8.0_31\jre\bin\msvcr100.dll
0x00000000575a0000 - 0x0000000057dfa000 	C:\Program Files\Java\jdk1.8.0_31\jre\bin\server\jvm.dll
0x00007ffef73e0000 - 0x00007ffef73e9000 	C:\Windows\SYSTEM32\WSOCK32.dll
0x00007ffef7a60000 - 0x00007ffef7a82000 	C:\Windows\SYSTEM32\WINMM.dll
0x00007ffef9f40000 - 0x00007ffef9f47000 	C:\Windows\system32\PSAPI.DLL
0x00007ffef9730000 - 0x00007ffef978a000 	C:\Windows\system32\WS2_32.dll
0x00007ffef7910000 - 0x00007ffef793a000 	C:\Windows\SYSTEM32\WINMMBASE.dll
0x00007ffefb9d0000 - 0x00007ffefb9d9000 	C:\Windows\system32\NSI.dll
0x00007ffef96b0000 - 0x00007ffef96ff000 	C:\Windows\SYSTEM32\cfgmgr32.dll
0x00007ffef8020000 - 0x00007ffef8048000 	C:\Windows\SYSTEM32\DEVOBJ.dll
0x00000000574b0000 - 0x00000000574bf000 	C:\Program Files\Java\jdk1.8.0_31\jre\bin\verify.dll
0x0000000057480000 - 0x00000000574a8000 	C:\Program Files\Java\jdk1.8.0_31\jre\bin\java.dll
0x0000000057460000 - 0x0000000057476000 	C:\Program Files\Java\jdk1.8.0_31\jre\bin\zip.dll
0x0000000057440000 - 0x000000005745a000 	C:\Program Files\Java\jdk1.8.0_31\jre\bin\net.dll
0x00007ffef8a10000 - 0x00007ffef8a69000 	C:\Windows\system32\mswsock.dll
0x0000000057420000 - 0x0000000057431000 	C:\Program Files\Java\jdk1.8.0_31\jre\bin\nio.dll
0x00007ffef2740000 - 0x00007ffef28c9000 	C:\Windows\SYSTEM32\dbghelp.dll

VM Arguments:
jvm_args: -Dmaven.home=EMBEDDED -Dclassworlds.conf=C:\ sreenuTech\.metadata\.plugins\org.eclipse.m2e.launching\launches\m2conf6983238012233209194.tmp -Dmaven.multiModuleProjectDirectory=C:\ sreenuTech\EasyjetairlineSVC_IntgrLayera -Dfile.encoding=Cp1252 
java_command: org.codehaus.plexus.classworlds.launcher.Launcher -B install
java_class_path (initial): /E:/hyd colection/kale/eclips/eclipse-jee-mars-2-win32-x86_64/plugins/org.eclipse.m2e.maven.runtime_1.6.2.20150902-0001/jars/plexus-classworlds-2.5.2.jar
Launcher Type: SUN_STANDARD

Environment Variables:
CLASSPATH=C:\Program Files\Java\jdk1.8.0_71\bin;E:\Tomcat8\lib\servlet-api.jar;E:\Tomcat8\lib\tomcat-api.jar;.
PATH=C:/Program Files/Java/jdk1.8.0_31/bin/../jre/bin/server;C:/Program Files/Java/jdk1.8.0_31/bin/../jre/bin;C:/Program Files/Java/jdk1.8.0_31/bin/../jre/lib/amd64;C:\Program Files\Java\jdk1.8.0_31\bin;.;E:\hyd colection\kale\eclips\eclipse-jee-mars-2-win32-x86_64;
USERNAME=shaikh irfan
OS=Windows_NT
PROCESSOR_IDENTIFIER=Intel64 Family 6 Model 15 Stepping 13, GenuineIntel



---------------  S Y S T E M  ---------------

OS: Windows 8.1 , 64 bit Build 9600 

CPU:total 2 (2 cores per cpu, 1 threads per core) family 6 model 15 stepping 13, cmov, cx8, fxsr, mmx, sse, sse2, sse3, ssse3, tsc

Memory: 4k page, physical 2086952k(380088k free), swap 4184104k(1430444k free)

vm_info: Java HotSpot(TM) 64-Bit Server VM (25.31-b07) for windows-amd64 JRE (1.8.0_31-b13), built on Dec 17 2014 21:00:28 by "java_re" with MS VC++ 10.0 (VS2010)

time: Fri May 12 12:56:45 2017
elapsed time: 10 seconds (0d 0h 0m 10s)

